# mesh name: boxMesh_1
# primitive scorer name: dose
# iX, iY, iZ, total(value) [Gy], total(val^2), entry
0,0,0,1.359265945162876e-05,5.311546193976494e-14,4758
1,0,0,1.357654483240751e-05,5.170421452359367e-14,4794
2,0,0,1.360128203597475e-05,5.209240776001871e-14,4809
3,0,0,1.382998356486003e-05,5.623403662486047e-14,4820
4,0,0,1.40474306138358e-05,5.7629589626762e-14,4851
5,0,0,1.415988388953986e-05,5.966981659531986e-14,4860
6,0,0,1.383444574300783e-05,5.544938709367702e-14,4850
7,0,0,1.397804849859672e-05,5.758280573207963e-14,4791
8,0,0,1.398223690074039e-05,5.798879238584152e-14,4814
9,0,0,1.407918545613075e-05,5.915206562707942e-14,4794
10,0,0,1.401785525490821e-05,5.984948089005848e-14,4772
11,0,0,1.422375778969581e-05,6.332967231047822e-14,4812
12,0,0,1.405383600851426e-05,5.982639087125801e-14,4821
13,0,0,1.425301689513071e-05,6.254627931820235e-14,4834
14,0,0,1.437867021665468e-05,6.200787718974849e-14,4901
15,0,0,1.462651477359551e-05,6.353033229748496e-14,4944
16,0,0,1.484897571248203e-05,6.879322768399218e-14,4902
17,0,0,1.485222484750346e-05,6.652421146997025e-14,4952
18,0,0,1.461346030818142e-05,6.271897674941391e-14,4903
19,0,0,1.492550066527641e-05,6.95734261382247e-14,4957
20,0,0,1.497232510162538e-05,6.669653488867745e-14,5041
21,0,0,1.503688141275188e-05,6.780283048571462e-14,5027
22,0,0,1.516954633180255e-05,6.849269890983011e-14,5012
23,0,0,1.509538714849219e-05,6.745947109186149e-14,5011
24,0,0,1.499481788762977e-05,6.787119945558288e-14,4988
25,0,0,1.536656319148237e-05,7.084129565981822e-14,5012
26,0,0,1.557293071885406e-05,7.452506360384968e-14,5026
27,0,0,1.532547834412466e-05,7.214133779457136e-14,4974
28,0,0,1.504630721005145e-05,6.803685897512365e-14,4962
29,0,0,1.516197442142521e-05,7.084070573615714e-14,4911
30,0,0,1.510275101738908e-05,7.020824044126997e-14,4940
31,0,0,1.521549379768372e-05,7.07331655886786e-14,4941
32,0,0,1.526988537075685e-05,7.207441638934305e-14,4950
33,0,0,1.524891492147008e-05,7.220619348717911e-14,4889
34,0,0,1.536155120284595e-05,7.177709497125817e-14,4952
35,0,0,1.534787892241147e-05,7.267546687201687e-14,4941
36,0,0,1.568227343547866e-05,7.913471081229925e-14,4953
37,0,0,1.593861678128002e-05,7.935273919851464e-14,4969
38,0,0,1.575930181221369e-05,8.078212195114681e-14,4926
39,0,0,1.520569271359261e-05,7.343976653428593e-14,4827
40,0,0,1.540962171088371e-05,7.653297206328152e-14,4822
41,0,0,1.563380529443254e-05,8.080299772837367e-14,4783
42,0,0,1.539534370357626e-05,7.812445716244821e-14,4801
43,0,0,1.548886949932303e-05,7.926045421400977e-14,4770
44,0,0,1.523864819367578e-05,7.655399512375841e-14,4721
45,0,0,1.522037838959179e-05,7.675583807038844e-14,4656
46,0,0,1.519311082637131e-05,8.06720233567971e-14,4611
47,0,0,1.512809324974848e-05,7.773036185714072e-14,4608
48,0,0,1.490596511648795e-05,7.62914078483088e-14,4550
49,0,0,1.494376034472417e-05,7.776227193254546e-14,4528
50,0,0,1.49256213977895e-05,7.8207698728411e-14,4516
51,0,0,1.489044622454805e-05,7.851441982451709e-14,4459
52,0,0,1.485420477269592e-05,7.961921594492744e-14,4427
53,0,0,1.490474776576949e-05,8.098244800733618e-14,4381
54,0,0,1.458150838987413e-05,7.720517580834828e-14,4321
55,0,0,1.43864203798469e-05,7.973172829146675e-14,4286
56,0,0,1.424356991054029e-05,7.747202057899371e-14,4207
57,0,0,1.398924889780538e-05,7.557820092375967e-14,4136
58,0,0,1.413439325499455e-05,7.747196464150927e-14,4096
59,0,0,1.422443197436896e-05,8.243109131109396e-14,4053
60,0,0,1.36205366534073e-05,7.64553713277887e-14,3940
61,0,0,1.343001833875435e-05,7.609388762820693e-14,3862
62,0,0,1.317352468865429e-05,7.262459988425323e-14,3826
63,0,0,1.299923555678533e-05,7.554632897777179e-14,3687
64,0,0,1.28486236172972e-05,7.38051122918812e-14,3655
65,0,0,1.246876402994967e-05,7.153054916820781e-14,3575
66,0,0,1.192520020146862e-05,6.65853027501981e-14,3432
67,0,0,1.231458627204927e-05,7.157323207563845e-14,3416
68,0,0,1.207574106681432e-05,7.244050668944852e-14,3363
69,0,0,1.197016943819934e-05,7.001349300515181e-14,3314
70,0,0,1.176790428574342e-05,7.105486155734212e-14,3265
71,0,0,1.114284397711717e-05,6.300117298719086e-14,3177
72,0,0,1.104335519652914e-05,6.249842298987225e-14,3133
73,0,0,1.082339740938102e-05,6.154763368577465e-14,3063
74,0,0,1.073730742938024e-05,6.504737519415656e-14,2978
75,0,0,1.039664184385997e-05,6.079849555000415e-14,2876
76,0,0,1.009981556547285e-05,6.065547107144608e-14,2791
77,0,0,9.933933107853056e-06,5.860730172249022e-14,2719
78,0,0,9.672485480284002e-06,5.662540698400001e-14,2625
79,0,0,9.238560689262739e-06,5.515549962348313e-14,2543
80,0,0,9.116743683351904e-06,5.817345348494915e-14,2431
81,0,0,8.837588418801562e-06,5.641298926569604e-14,2341
82,0,0,8.409115737050993e-06,4.988659108251485e-14,2279
83,0,0,8.081426014430505e-06,4.809691675889676e-14,2175
84,0,0,7.818262932026697e-06,5.024115411040376e-14,2066
85,0,0,7.830699496499758e-06,5.030698213568751e-14,2046
86,0,0,7.513087818560724e-06,4.966448947273402e-14,1937
87,0,0,7.145830002132997e-06,4.54595631706595e-14,1891
88,0,0,6.677622784099436e-06,4.184265055940067e-14,1779
89,0,0,6.303240312452519e-06,4.052476262989223e-14,1646
90,0,0,5.790441893312541e-06,3.576404860087894e-14,1550
91,0,0,5.922855313431867e-06,3.727137936103898e-14,1493
92,0,0,5.47291002634168e-06,3.602637864231954e-14,1422
93,0,0,5.025314286110701e-06,3.299273980202068e-14,1298
94,0,0,4.85013427377322e-06,3.025163026277583e-14,1275
95,0,0,4.654024837354367e-06,2.931891363849293e-14,1200
96,0,0,4.297087360695751e-06,2.824336033112257e-14,1095
97,0,0,4.089840581432238e-06,2.670840206304339e-14,1035
98,0,0,3.799485030302138e-06,2.49582488289479e-14,965
99,0,0,3.465802423695369e-06,2.260462141950702e-14,895
100,0,0,3.642666313337467e-06,2.958338159484126e-14,852
101,0,0,3.223450954269603e-06,2.220668529456548e-14,789
102,0,0,2.92292338708412e-06,1.965418485289565e-14,716
103,0,0,2.660053547333699e-06,1.7632147642349e-14,632
104,0,0,2.295669987720687e-06,1.55888066694431e-14,570
105,0,0,2.175343977530841e-06,1.477598353323641e-14,506
106,0,0,1.927491013675679e-06,1.425101709321247e-14,454
107,0,0,1.844958490320308e-06,1.336809046426937e-14,414
108,0,0,1.544254442008772e-06,1.007140444081016e-14,369
109,0,0,1.436067907053586e-06,1.102607885714438e-14,326
110,0,0,1.124673322189304e-06,7.567012839839154e-15,281
111,0,0,9.6181216869146e-07,6.552817857967068e-15,227
112,0,0,1.070746666811477e-06,9.361808387712079e-15,229
113,0,0,7.570787781151133e-07,5.599098378358137e-15,168
114,0,0,6.237159225632838e-07,4.230752731913702e-15,159
115,0,0,5.858489298568052e-07,4.374338804275964e-15,129
116,0,0,5.360651949274554e-07,4.09962801354169e-15,123
117,0,0,3.902476843516285e-07,3.314539991200143e-15,95
118,0,0,2.873151262220582e-07,1.851868517515625e-15,75
119,0,0,2.532988512431702e-07,1.780737570680077e-15,77
120,0,0,2.337220851972199e-07,1.630310850566539e-15,65
121,0,0,2.383694050264326e-07,1.768421855932642e-15,60
122,0,0,1.353433117607543e-07,7.295337515914592e-16,48
123,0,0,1.990271888111642e-07,1.823833392311897e-15,51
124,0,0,1.426504755173746e-07,7.858688882433497e-16,50
125,0,0,1.237115913562886e-07,7.1344270137517e-16,49
126,0,0,1.152595793151299e-07,6.575185688120553e-16,39
127,0,0,7.426744757032038e-08,3.003987135879382e-16,37
128,0,0,6.557182134750957e-08,3.063174932348055e-16,24
129,0,0,9.130445409255722e-08,5.641163868853294e-16,36
130,0,0,8.440820550737937e-08,4.529678971180705e-16,34
131,0,0,7.597751622166712e-08,4.306610015382687e-16,32
132,0,0,8.00897975590748e-08,5.263320185178892e-16,34
133,0,0,7.469282960452084e-08,4.651264619488715e-16,25
134,0,0,7.403651231917286e-08,3.751889469430401e-16,33
135,0,0,5.00377431226694e-08,1.97646208029692e-16,23
136,0,0,5.052289549342168e-08,2.080008925772032e-16,24
137,0,0,5.720866716512866e-08,3.544774057108302e-16,22
138,0,0,7.603389711254295e-08,3.423424968081967e-16,32
139,0,0,6.739131544882841e-08,4.285479832051901e-16,27
140,0,0,6.506951784369991e-08,3.352035128634594e-16,22
141,0,0,4.697725789238245e-08,1.80426408749951e-16,23
142,0,0,3.311887034297133e-08,9.693520214977913e-17,19
143,0,0,1.976532628628128e-08,3.886375975013509e-17,16
144,0,0,2.611050688241234e-08,9.235406483699175e-17,16
145,0,0,4.692107356842205e-08,2.288355859639816e-16,23
146,0,0,7.001283614692716e-08,5.918690033414905e-16,25
147,0,0,8.028498027212417e-08,6.561888319626838e-16,28
148,0,0,8.955455193400484e-08,7.212185521545776e-16,27
149,0,0,5.218502695793729e-08,2.043207854938503e-16,27
150,0,0,5.296437212160353e-08,2.880396171148769e-16,24
151,0,0,3.945015494771821e-08,1.630578368366363e-16,18
152,0,0,5.053095416375504e-08,2.312914143196343e-16,23
153,0,0,5.055416048649618e-08,3.180549352847544e-16,24
154,0,0,4.997346799029432e-08,2.156924408528378e-16,25
155,0,0,4.217209107297501e-08,2.593799662746292e-16,16
156,0,0,2.32337596503529e-08,6.134765003586398e-17,17
157,0,0,2.648568516244255e-08,3.889194743227314e-16,8
158,0,0,1.8583413021874e-08,6.492441759038601e-17,15
159,0,0,1.622081517400195e-08,4.316434820956871e-17,14
160,0,0,2.487363897198498e-08,1.014258655460495e-16,18
161,0,0,4.448743303012112e-08,2.465336833259809e-16,23
162,0,0,1.310742806194527e-08,2.636525835359247e-17,19
163,0,0,3.208068871518234e-08,1.160566123887086e-16,16
164,0,0,3.889986867608431e-08,3.012171396780728e-16,17
165,0,0,4.191740429595331e-08,1.895395343869452e-16,26
166,0,0,4.880981096642661e-08,2.787763186246094e-16,24
167,0,0,2.704669362869528e-08,1.429573150234659e-16,10
168,0,0,1.530180979368165e-08,3.159445387722432e-17,16
169,0,0,1.747083970759481e-08,5.425522967775974e-17,12
170,0,0,2.42632534040174e-08,8.241363900844985e-17,12
171,0,0,3.9173103610335e-08,2.471972386204949e-16,18
172,0,0,5.761989528308531e-08,5.762706070588575e-16,18
173,0,0,3.058240073809105e-08,9.387126782044817e-17,17
174,0,0,2.149075836009501e-08,1.307337033871489e-16,8
175,0,0,4.118866245808668e-08,3.170731826303282e-16,17
176,0,0,3.717945279351142e-08,2.082726443011197e-16,16
177,0,0,3.296926201755085e-08,2.03763410230682e-16,19
178,0,0,3.462332766268935e-08,1.201359369459285e-16,23
179,0,0,4.57670177908915e-08,4.561115344091557e-16,14
180,0,0,3.4223180504455e-08,1.023241811050958e-16,21
181,0,0,2.948119645626546e-08,1.186120838610236e-16,18
182,0,0,4.561755201835534e-08,1.511799680603763e-16,23
183,0,0,3.501793534804813e-08,2.087487515507602e-16,12
184,0,0,4.150960104661991e-08,2.293643944816434e-16,16
185,0,0,4.289526926712471e-08,1.886723679645528e-16,22
186,0,0,1.798166033763284e-08,6.827429226780091e-17,16
187,0,0,2.086301158027675e-08,1.039316693173794e-16,12
188,0,0,2.770692002146619e-08,1.100423385610522e-16,21
189,0,0,1.963156136964007e-08,5.834445314762618e-17,18
190,0,0,1.66596357291886e-08,6.854004201458411e-17,15
191,0,0,2.379222007009711e-08,1.299575871449097e-16,12
192,0,0,2.020050876632169e-08,9.66240948538513e-17,10
193,0,0,2.953511021944362e-08,1.27866973517004e-16,12
194,0,0,4.436501423747928e-08,2.074654986538846e-16,18
195,0,0,2.341109602044612e-08,7.830006510563751e-17,13
196,0,0,2.265065202210589e-08,8.157704987436874e-17,11
197,0,0,1.888913227758374e-08,1.301323867525666e-16,10
198,0,0,1.947421615975969e-08,8.51943538997063e-17,10
199,0,0,1.083107052120995e-08,3.143095524941927e-17,9
